[debug] [2023-08-11T07:35:07.124Z] ----------------------------------------------------------------------
[debug] [2023-08-11T07:35:07.127Z] Command:       C:\Program Files\nodejs\node.exe C:\Users\Altonio\AppData\Roaming\npm\node_modules\firebase-tools\lib\bin\firebase.js init
[debug] [2023-08-11T07:35:07.128Z] CLI Version:   12.4.7
[debug] [2023-08-11T07:35:07.128Z] Platform:      win32
[debug] [2023-08-11T07:35:07.129Z] Node Version:  v18.14.0
[debug] [2023-08-11T07:35:07.130Z] Time:          Fri Aug 11 2023 00:35:07 GMT-0700 (Pacific Daylight Time)
[debug] [2023-08-11T07:35:07.131Z] ----------------------------------------------------------------------
[debug] 
[debug] [2023-08-11T07:35:07.265Z] > command requires scopes: ["email","openid","https://www.googleapis.com/auth/cloudplatformprojects.readonly","https://www.googleapis.com/auth/firebase","https://www.googleapis.com/auth/cloud-platform"]
[debug] [2023-08-11T07:35:07.266Z] > authorizing via signed-in user (alex46bui@gmail.com)
[info] 
     ######## #### ########  ######## ########     ###     ######  ########
     ##        ##  ##     ## ##       ##     ##  ##   ##  ##       ##
     ######    ##  ########  ######   ########  #########  ######  ######
     ##        ##  ##    ##  ##       ##     ## ##     ##       ## ##
     ##       #### ##     ## ######## ########  ##     ##  ######  ########

You're about to initialize a Firebase project in this directory:

  C:\Users\Altonio\Desktop\Social Media Clone\social-media-clone

Before we get started, keep in mind:

  * You are initializing within an existing Firebase project directory

[info] 
=== Project Setup
[info] 
[info] First, let's associate this project directory with a Firebase project.
[info] You can create multiple project aliases by running firebase use --add, 
[info] but for now we'll just set up a default project.
[info] 
[debug] [2023-08-11T07:35:19.773Z] Using project from CLI flag: social-media-clone-bui
[debug] [2023-08-11T07:35:19.782Z] >>> [apiv2][query] GET https://firebase.googleapis.com/v1beta1/projects/social-media-clone-bui [none]
[debug] [2023-08-11T07:35:20.240Z] <<< [apiv2][status] GET https://firebase.googleapis.com/v1beta1/projects/social-media-clone-bui 200
[debug] [2023-08-11T07:35:20.240Z] <<< [apiv2][body] GET https://firebase.googleapis.com/v1beta1/projects/social-media-clone-bui {"projectId":"social-media-clone-bui","projectNumber":"366166037311","displayName":"social-media-clone-bui","name":"projects/social-media-clone-bui","resources":{"hostingSite":"social-media-clone-bui"},"state":"ACTIVE","etag":"1_45d4c062-df3c-4b5a-8461-d742939ca934"}
[info] i  Using project social-media-clone-bui (social-media-clone-bui) 
[info] 
=== Hosting Setup
[info] 
[info] Your public directory is the folder (relative to your project directory) that
[info] will contain Hosting assets to be uploaded with firebase deploy. If you
[info] have a build process for your assets, use your build's output directory.
[info] 
